This is pdfTeX, Version 3.141592653-2.6-1.40.25 (MiKTeX 24.1) (preloaded format=pdflatex 2025.7.25)  25 JUL 2025 19:50
entering extended mode
 \write18 enabled.
 %&-line parsing enabled.
**./main.tex
(main.tex
LaTeX2e <2023-11-01> patch level 1
L3 programming layer <2024-01-04>

(C:\Users\OFFICE\AppData\Local\Programs\MiKTeX\tex/latex/extsizes\extarticle.cl
s
Document Class: extarticle 1996/10/08 v1.0 Non Standard LaTeX document class
(C:\Users\OFFICE\AppData\Local\Programs\MiKTeX\tex/latex/extsizes\size8.clo
File: size8.clo 1999/11/11 v1.4a NON-Standard LaTeX file (size option)
)
(C:\Users\OFFICE\AppData\Local\Programs\MiKTeX\tex/latex/base\exscale.sty
Package: exscale 2018/09/24 v2.1i Standard LaTeX package exscale
LaTeX Font Info:    Redeclaring symbol font `largesymbols' on input line 57.
LaTeX Font Info:    Overwriting symbol font `largesymbols' in version `normal'
(Font)                  OMX/cmex/m/n --> OMX/cmex/m/n on input line 57.
LaTeX Font Info:    Overwriting symbol font `largesymbols' in version `bold'
(Font)                  OMX/cmex/m/n --> OMX/cmex/m/n on input line 57.
\big@size=\dimen140
)
\c@part=\count187
\c@section=\count188
\c@subsection=\count189
\c@subsubsection=\count190
\c@paragraph=\count191
\c@subparagraph=\count192
\c@figure=\count193
\c@table=\count194
\abovecaptionskip=\skip48
\belowcaptionskip=\skip49
\bibindent=\dimen141
)
(C:\Users\OFFICE\AppData\Local\Programs\MiKTeX\tex/latex/titlesec\titlesec.sty
Package: titlesec 2025/01/04 v2.17 Sectioning titles
\ttl@box=\box51
\beforetitleunit=\skip50
\aftertitleunit=\skip51
\ttl@plus=\dimen142
\ttl@minus=\dimen143
\ttl@toksa=\toks17
\titlewidth=\dimen144
\titlewidthlast=\dimen145
\titlewidthfirst=\dimen146
) (C:\Users\OFFICE\AppData\Local\Programs\MiKTeX\tex/latex/graphics\graphicx.st
y
Package: graphicx 2021/09/16 v1.2d Enhanced LaTeX Graphics (DPC,SPQR)
(C:\Users\OFFICE\AppData\Local\Programs\MiKTeX\tex/latex/graphics\keyval.sty
Package: keyval 2022/05/29 v1.15 key=value parser (DPC)
\KV@toks@=\toks18
)
(C:\Users\OFFICE\AppData\Local\Programs\MiKTeX\tex/latex/graphics\graphics.sty
Package: graphics 2022/03/10 v1.4e Standard LaTeX Graphics (DPC,SPQR)

(C:\Users\OFFICE\AppData\Local\Programs\MiKTeX\tex/latex/graphics\trig.sty
Package: trig 2021/08/11 v1.11 sin cos tan (DPC)
)
(C:\Users\OFFICE\AppData\Local\Programs\MiKTeX\tex/latex/graphics-cfg\graphics.
cfg
File: graphics.cfg 2016/06/04 v1.11 sample graphics configuration
)
Package graphics Info: Driver file: pdftex.def on input line 107.

(C:\Users\OFFICE\AppData\Local\Programs\MiKTeX\tex/latex/graphics-def\pdftex.de
f
File: pdftex.def 2022/09/22 v1.2b Graphics/color driver for pdftex
))
\Gin@req@height=\dimen147
\Gin@req@width=\dimen148
) (C:\Users\OFFICE\AppData\Local\Programs\MiKTeX\tex/latex/cjk-ko\kotex.sty
Package: kotex 2015/04/19 v1.6 Korean TeX (ko.TeX)

(C:\Users\OFFICE\AppData\Local\Programs\MiKTeX\tex/latex/kotex-utf\kotex.cfg)
(C:\Users\OFFICE\AppData\Local\Programs\MiKTeX\tex/latex/kotex-utf\kotexutf.sty
Package: kotexutf 2022/06/22 v3.0.0 typesetting UTF-8 Korean documents
(C:\Users\OFFICE\AppData\Local\Programs\MiKTeX\tex/latex/base\inputenc.sty
Package: inputenc 2021/02/14 v1.3d Input encoding file
\inpenc@prehook=\toks19
\inpenc@posthook=\toks20
)
(C:\Users\OFFICE\AppData\Local\Programs\MiKTeX\tex/plain/kotex-plain\kotexutf-c
ore.tex
\unih@ngulpoint=\count195
\dhucs@emph@raise=\dimen149
)
Now handling font encoding LUC ...
... processing UTF-8 mapping file for font encoding LUC

(C:\Users\OFFICE\AppData\Local\Programs\MiKTeX\tex/latex/kotex-utf\lucenc.dfu
File: lucenc.dfu 2007/09/05 UTF-8 support for dhucs
   defining Unicode char U+00B7 (decimal 183)
   defining Unicode char U+2018 (decimal 8216)
   defining Unicode char U+2019 (decimal 8217)
   defining Unicode char U+201C (decimal 8220)
   defining Unicode char U+201D (decimal 8221)
   defining Unicode char U+3001 (decimal 12289)
   defining Unicode char U+3002 (decimal 12290)
   defining Unicode char U+3008 (decimal 12296)
   defining Unicode char U+3009 (decimal 12297)
   defining Unicode char U+300A (decimal 12298)
   defining Unicode char U+300B (decimal 12299)
   defining Unicode char U+300C (decimal 12300)
   defining Unicode char U+300D (decimal 12301)
   defining Unicode char U+300E (decimal 12302)
   defining Unicode char U+300F (decimal 12303)
   defining Unicode char U+3010 (decimal 12304)
   defining Unicode char U+3011 (decimal 12305)
   defining Unicode char U+3014 (decimal 12308)
   defining Unicode char U+3015 (decimal 12309)
   defining Unicode char U+3016 (decimal 12310)
   defining Unicode char U+3017 (decimal 12311)
   defining Unicode char U+3018 (decimal 12312)
   defining Unicode char U+3019 (decimal 12313)
   defining Unicode char U+301A (decimal 12314)
   defining Unicode char U+301B (decimal 12315)
   defining Unicode char U+FF01 (decimal 65281)
   defining Unicode char U+FF08 (decimal 65288)
   defining Unicode char U+FF09 (decimal 65289)
   defining Unicode char U+FF0C (decimal 65292)
   defining Unicode char U+FF0E (decimal 65294)
   defining Unicode char U+FF1A (decimal 65306)
   defining Unicode char U+FF1B (decimal 65307)
   defining Unicode char U+FF1C (decimal 65308)
   defining Unicode char U+FF1D (decimal 65309)
   defining Unicode char U+FF1E (decimal 65310)
   defining Unicode char U+FF1F (decimal 65311)
   defining Unicode char U+FF3B (decimal 65339)
   defining Unicode char U+FF3D (decimal 65341)
   defining Unicode char U+FF5B (decimal 65371)
   defining Unicode char U+FF5D (decimal 65373)
   defining Unicode char U+FF61 (decimal 65377)
   defining Unicode char U+FF62 (decimal 65378)
   defining Unicode char U+FF63 (decimal 65379)
   defining Unicode char U+FF64 (decimal 65380)
   defining Unicode char U+FF65 (decimal 65381)
)
\@josa=\count196
\josatoks=\toks21

(C:\Users\OFFICE\AppData\Local\Programs\MiKTeX\tex/latex/cjk-ko\kolabels-utf.st
y
Package: kolabels-utf 2015/03/20 v1.5 UTF-8 Hangul item labels
)))
(C:\Users\OFFICE\AppData\Local\Programs\MiKTeX\tex/latex/geometry\geometry.sty
Package: geometry 2020/01/02 v5.9 Page Geometry

(C:\Users\OFFICE\AppData\Local\Programs\MiKTeX\tex/generic/iftex\ifvtex.sty
Package: ifvtex 2019/10/25 v1.7 ifvtex legacy package. Use iftex instead.

(C:\Users\OFFICE\AppData\Local\Programs\MiKTeX\tex/generic/iftex\iftex.sty
Package: iftex 2022/02/03 v1.0f TeX engine tests
))
\Gm@cnth=\count197
\Gm@cntv=\count198
\c@Gm@tempcnt=\count199
\Gm@bindingoffset=\dimen150
\Gm@wd@mp=\dimen151
\Gm@odd@mp=\dimen152
\Gm@even@mp=\dimen153
\Gm@layoutwidth=\dimen154
\Gm@layoutheight=\dimen155
\Gm@layouthoffset=\dimen156
\Gm@layoutvoffset=\dimen157
\Gm@dimlist=\toks22

(C:\Users\OFFICE\AppData\Local\Programs\MiKTeX\tex/latex/geometry\geometry.cfg)
) (C:\Users\OFFICE\AppData\Local\Programs\MiKTeX\tex/latex/amsmath\amsmath.sty
Package: amsmath 2023/05/13 v2.17o AMS math features
\@mathmargin=\skip52

For additional information on amsmath, use the `?' option.
(C:\Users\OFFICE\AppData\Local\Programs\MiKTeX\tex/latex/amsmath\amstext.sty
Package: amstext 2021/08/26 v2.01 AMS text

(C:\Users\OFFICE\AppData\Local\Programs\MiKTeX\tex/latex/amsmath\amsgen.sty
File: amsgen.sty 1999/11/30 v2.0 generic functions
\@emptytoks=\toks23
\ex@=\dimen158
))
(C:\Users\OFFICE\AppData\Local\Programs\MiKTeX\tex/latex/amsmath\amsbsy.sty
Package: amsbsy 1999/11/29 v1.2d Bold Symbols
\pmbraise@=\dimen159
)
(C:\Users\OFFICE\AppData\Local\Programs\MiKTeX\tex/latex/amsmath\amsopn.sty
Package: amsopn 2022/04/08 v2.04 operator names
)
\inf@bad=\count266
LaTeX Info: Redefining \frac on input line 234.
\uproot@=\count267
\leftroot@=\count268
LaTeX Info: Redefining \overline on input line 399.
LaTeX Info: Redefining \colon on input line 410.
\classnum@=\count269
\DOTSCASE@=\count270
LaTeX Info: Redefining \ldots on input line 496.
LaTeX Info: Redefining \dots on input line 499.
LaTeX Info: Redefining \cdots on input line 620.
\Mathstrutbox@=\box52
\strutbox@=\box53
LaTeX Info: Redefining \big on input line 722.
LaTeX Info: Redefining \Big on input line 723.
LaTeX Info: Redefining \bigg on input line 724.
LaTeX Info: Redefining \Bigg on input line 725.
\big@size=\dimen160
LaTeX Font Info:    Redeclaring font encoding OML on input line 743.
LaTeX Font Info:    Redeclaring font encoding OMS on input line 744.
\macc@depth=\count271
LaTeX Info: Redefining \bmod on input line 905.
LaTeX Info: Redefining \pmod on input line 910.
LaTeX Info: Redefining \smash on input line 940.
LaTeX Info: Redefining \relbar on input line 970.
LaTeX Info: Redefining \Relbar on input line 971.
\c@MaxMatrixCols=\count272
\dotsspace@=\muskip16
\c@parentequation=\count273
\dspbrk@lvl=\count274
\tag@help=\toks24
\row@=\count275
\column@=\count276
\maxfields@=\count277
\andhelp@=\toks25
\eqnshift@=\dimen161
\alignsep@=\dimen162
\tagshift@=\dimen163
\tagwidth@=\dimen164
\totwidth@=\dimen165
\lineht@=\dimen166
\@envbody=\toks26
\multlinegap=\skip53
\multlinetaggap=\skip54
\mathdisplay@stack=\toks27
LaTeX Info: Redefining \[ on input line 2953.
LaTeX Info: Redefining \] on input line 2954.
)
(C:\Users\OFFICE\AppData\Local\Programs\MiKTeX\tex/latex/ulem\ulem.sty
\UL@box=\box54
\UL@hyphenbox=\box55
\UL@skip=\skip55
\UL@hook=\toks28
\UL@height=\dimen167
\UL@pe=\count278
\UL@pixel=\dimen168
\ULC@box=\box56
Package: ulem 2019/11/18
\ULdepth=\dimen169
)
(C:\Users\OFFICE\AppData\Local\Programs\MiKTeX\tex/latex/amsfonts\amssymb.sty
Package: amssymb 2013/01/14 v3.01 AMS font symbols

(C:\Users\OFFICE\AppData\Local\Programs\MiKTeX\tex/latex/amsfonts\amsfonts.sty
Package: amsfonts 2013/01/14 v3.01 Basic AMSFonts support
\symAMSa=\mathgroup4
\symAMSb=\mathgroup5
LaTeX Font Info:    Redeclaring math symbol \hbar on input line 98.
LaTeX Font Info:    Overwriting math alphabet `\mathfrak' in version `bold'
(Font)                  U/euf/m/n --> U/euf/b/n on input line 106.
)) (C:\Users\OFFICE\AppData\Local\Programs\MiKTeX\tex/latex/minted\minted.sty
Package: minted 2025/05/14 v3.7.0 Yet another Pygments shim for LaTeX

(C:\Users\OFFICE\AppData\Local\Programs\MiKTeX\tex/generic/catchfile\catchfile.
sty
Package: catchfile 2019/12/09 v1.8 Catch the contents of a file (HO)

(C:\Users\OFFICE\AppData\Local\Programs\MiKTeX\tex/generic/infwarerr\infwarerr.
sty
Package: infwarerr 2019/12/03 v1.5 Providing info/warning/error messages (HO)
)
(C:\Users\OFFICE\AppData\Local\Programs\MiKTeX\tex/generic/ltxcmds\ltxcmds.sty
Package: ltxcmds 2023-12-04 v1.26 LaTeX kernel commands for general use (HO)
)
(C:\Users\OFFICE\AppData\Local\Programs\MiKTeX\tex/generic/etexcmds\etexcmds.st
y
Package: etexcmds 2019/12/15 v1.7 Avoid name clashes with e-TeX commands (HO)
))
(C:\Users\OFFICE\AppData\Local\Programs\MiKTeX\tex/latex/etoolbox\etoolbox.sty
Package: etoolbox 2020/10/05 v2.5k e-TeX tools for LaTeX (JAW)
\etb@tempcnta=\count279
) (C:\Users\OFFICE\AppData\Local\Programs\MiKTeX\tex/latex/fvextra\fvextra.sty
Package: fvextra 2025/05/29 v1.13.2 fvextra - extensions and patches for fancyv
rb

(C:\Users\OFFICE\AppData\Local\Programs\MiKTeX\tex/latex/fancyvrb\fancyvrb.sty
Package: fancyvrb 2024/01/20 4.5c verbatim text (tvz,hv)
\FV@CodeLineNo=\count280
\FV@InFile=\read2
\FV@TabBox=\box57
\c@FancyVerbLine=\count281
\FV@StepNumber=\count282
\FV@OutFile=\write3
)
(C:\Users\OFFICE\AppData\Local\Programs\MiKTeX\tex/generic/pdftexcmds\pdftexcmd
s.sty
Package: pdftexcmds 2020-06-27 v0.33 Utility functions of pdfTeX for LuaTeX (HO
)
Package pdftexcmds Info: \pdf@primitive is available.
Package pdftexcmds Info: \pdf@ifprimitive is available.
Package pdftexcmds Info: \pdfdraftmode found.
)
(C:\Users\OFFICE\AppData\Local\Programs\MiKTeX\tex/latex/upquote\upquote.sty
Package: upquote 2012/04/19 v1.3 upright-quote and grave-accent glyphs in verba
tim
)
(C:\Users\OFFICE\AppData\Local\Programs\MiKTeX\tex/latex/lineno\lineno.sty
Package: lineno 2025/05/13 line numbers on paragraphs v5.5

(C:\Users\OFFICE\AppData\Local\Programs\MiKTeX\tex/latex/kvoptions\kvoptions.st
y
Package: kvoptions 2022-06-15 v3.15 Key value format for package options (HO)

(C:\Users\OFFICE\AppData\Local\Programs\MiKTeX\tex/latex/kvsetkeys\kvsetkeys.st
y
Package: kvsetkeys 2022-10-05 v1.19 Key value parser (HO)
))
\linenopenalty=\count283
\output=\toks29
\linenoprevgraf=\count284
\linenumbersep=\dimen170
\linenumberwidth=\dimen171
\c@linenumber=\count285
\c@pagewiselinenumber=\count286
\c@LN@truepage=\count287
\c@internallinenumber=\count288
\c@internallinenumbers=\count289
\quotelinenumbersep=\dimen172
\bframerule=\dimen173
\bframesep=\dimen174
\bframebox=\box58
\@LN@amsmath@ams@eqpen=\count290
)
\c@FancyVerbWriteLine=\count291
\c@FancyVerbBufferLine=\count292
\c@FV@TrueTabGroupLevel=\count293
\c@FV@TrueTabCounter=\count294
\FV@TabBox@Group=\box59
\FV@bgcolorstructbox=\box60
\FV@TmpLength=\skip56
\c@FV@HighlightLinesStart=\count295
\c@FV@HighlightLinesStop=\count296
\FV@LoopCount=\count297
\FV@NCharsBox=\box61
\FV@BreakIndent=\dimen175
\FV@BreakIndentNChars=\count298
\FV@BreakSymbolSepLeft=\dimen176
\FV@BreakSymbolSepLeftNChars=\count299
\FV@BreakSymbolSepRight=\dimen177
\FV@BreakSymbolSepRightNChars=\count300
\FV@BreakSymbolIndentLeft=\dimen178
\FV@BreakSymbolIndentLeftNChars=\count301
\FV@BreakSymbolIndentRight=\dimen179
\FV@BreakSymbolIndentRightNChars=\count302
\c@FancyVerbLineBreakLast=\count303
\FV@LineBox=\box62
\FV@LineIndentBox=\box63
\c@FV@BreakBufferDepth=\count304
\FV@LineWidth=\dimen180
)
(C:\Users\OFFICE\AppData\Local\Programs\MiKTeX\tex/latex/latex2pydata\latex2pyd
ata.sty
Package: latex2pydata 2025/03/26 v0.6.0 latex2pydata - write data to file in Py
thon literal format
)
(C:\Users\OFFICE\AppData\Local\Programs\MiKTeX\tex/latex/pgf/utilities\pgfkeys.
sty
(C:\Users\OFFICE\AppData\Local\Programs\MiKTeX\tex/generic/pgf/utilities\pgfkey
s.code.tex
\pgfkeys@pathtoks=\toks30
\pgfkeys@temptoks=\toks31

(C:\Users\OFFICE\AppData\Local\Programs\MiKTeX\tex/generic/pgf/utilities\pgfkey
slibraryfiltered.code.tex
\pgfkeys@tmptoks=\toks32
)))
(C:\Users\OFFICE\AppData\Local\Programs\MiKTeX\tex/latex/pgfopts\pgfopts.sty
Package: pgfopts 2014/07/10 v2.1a LaTeX package options with pgfkeys
\pgfopts@list@add@a@toks=\toks33
\pgfopts@list@add@b@toks=\toks34
)
(C:\Users\OFFICE\AppData\Local\Programs\MiKTeX\tex/latex/tools\shellesc.sty
Package: shellesc 2023/07/08 v1.0d unified shell escape interface for LaTeX
Package shellesc Info: Unrestricted shell escape enabled on input line 75.
)
(C:\Users\OFFICE\AppData\Local\Programs\MiKTeX\tex/latex/float\float.sty
Package: float 2001/11/08 v1.3d Float enhancements (AL)
\c@float@type=\count305
\float@exts=\toks35
\float@box=\box64
\@float@everytoks=\toks36
\@floatcapt=\box65
)
\c@minted@FancyVerbLineTemp=\count306
\@float@every@listing=\toks37
\c@listing=\count307
)
(C:\Users\OFFICE\AppData\Local\Programs\MiKTeX\tex/latex/graphics\color.sty
Package: color 2022/01/06 v1.3d Standard LaTeX Color (DPC)

(C:\Users\OFFICE\AppData\Local\Programs\MiKTeX\tex/latex/graphics-cfg\color.cfg
File: color.cfg 2016/01/02 v1.6 sample color configuration
)
Package color Info: Driver file: pdftex.def on input line 149.

(C:\Users\OFFICE\AppData\Local\Programs\MiKTeX\tex/latex/graphics\mathcolor.ltx
))
(C:\Users\OFFICE\AppData\Local\Programs\MiKTeX\tex/latex/hyperref\hyperref.sty
Package: hyperref 2023-11-26 v7.01g Hypertext links for LaTeX

(C:\Users\OFFICE\AppData\Local\Programs\MiKTeX\tex/generic/kvdefinekeys\kvdefin
ekeys.sty
Package: kvdefinekeys 2019-12-19 v1.6 Define keys (HO)
)
(C:\Users\OFFICE\AppData\Local\Programs\MiKTeX\tex/generic/pdfescape\pdfescape.
sty
Package: pdfescape 2019/12/09 v1.15 Implements pdfTeX's escape features (HO)
)
(C:\Users\OFFICE\AppData\Local\Programs\MiKTeX\tex/latex/hycolor\hycolor.sty
Package: hycolor 2020-01-27 v1.10 Color options for hyperref/bookmark (HO)
)
(C:\Users\OFFICE\AppData\Local\Programs\MiKTeX\tex/latex/letltxmacro\letltxmacr
o.sty
Package: letltxmacro 2019/12/03 v1.6 Let assignment for LaTeX macros (HO)
)
(C:\Users\OFFICE\AppData\Local\Programs\MiKTeX\tex/latex/auxhook\auxhook.sty
Package: auxhook 2019-12-17 v1.6 Hooks for auxiliary files (HO)
)
(C:\Users\OFFICE\AppData\Local\Programs\MiKTeX\tex/latex/hyperref\nameref.sty
Package: nameref 2023-11-26 v2.56 Cross-referencing by name of section

(C:\Users\OFFICE\AppData\Local\Programs\MiKTeX\tex/latex/refcount\refcount.sty
Package: refcount 2019/12/15 v3.6 Data extraction from label references (HO)
)
(C:\Users\OFFICE\AppData\Local\Programs\MiKTeX\tex/generic/gettitlestring\getti
tlestring.sty
Package: gettitlestring 2019/12/15 v1.6 Cleanup title references (HO)
)
\c@section@level=\count308
)
\@linkdim=\dimen181
\Hy@linkcounter=\count309
\Hy@pagecounter=\count310

(C:\Users\OFFICE\AppData\Local\Programs\MiKTeX\tex/latex/hyperref\pd1enc.def
File: pd1enc.def 2023-11-26 v7.01g Hyperref: PDFDocEncoding definition (HO)
Now handling font encoding PD1 ...
... no UTF-8 mapping file for font encoding PD1
)
(C:\Users\OFFICE\AppData\Local\Programs\MiKTeX\tex/generic/intcalc\intcalc.sty
Package: intcalc 2019/12/15 v1.3 Expandable calculations with integers (HO)
)
\Hy@SavedSpaceFactor=\count311
(C:\Users\OFFICE\AppData\Local\Programs\MiKTeX\tex/latex/hyperref\puenc.def
File: puenc.def 2023-11-26 v7.01g Hyperref: PDF Unicode definition (HO)
Now handling font encoding PU ...
... no UTF-8 mapping file for font encoding PU
)
Package hyperref Info: Hyper figures OFF on input line 4181.
Package hyperref Info: Link nesting OFF on input line 4186.
Package hyperref Info: Hyper index ON on input line 4189.
Package hyperref Info: Plain pages OFF on input line 4196.
Package hyperref Info: Backreferencing OFF on input line 4201.
Package hyperref Info: Implicit mode ON; LaTeX internals redefined.
Package hyperref Info: Bookmarks ON on input line 4448.
\c@Hy@tempcnt=\count312

(C:\Users\OFFICE\AppData\Local\Programs\MiKTeX\tex/latex/url\url.sty
\Urlmuskip=\muskip17
Package: url 2013/09/16  ver 3.4  Verb mode for urls, etc.
)
LaTeX Info: Redefining \url on input line 4786.
\XeTeXLinkMargin=\dimen182

(C:\Users\OFFICE\AppData\Local\Programs\MiKTeX\tex/generic/bitset\bitset.sty
Package: bitset 2019/12/09 v1.3 Handle bit-vector datatype (HO)

(C:\Users\OFFICE\AppData\Local\Programs\MiKTeX\tex/generic/bigintcalc\bigintcal
c.sty
Package: bigintcalc 2019/12/15 v1.5 Expandable calculations on big integers (HO
)
))
\Fld@menulength=\count313
\Field@Width=\dimen183
\Fld@charsize=\dimen184
Package hyperref Info: Hyper figures OFF on input line 6065.
Package hyperref Info: Link nesting OFF on input line 6070.
Package hyperref Info: Hyper index ON on input line 6073.
Package hyperref Info: backreferencing OFF on input line 6080.
Package hyperref Info: Link coloring OFF on input line 6085.
Package hyperref Info: Link coloring with OCG OFF on input line 6090.
Package hyperref Info: PDF/A mode OFF on input line 6095.

(C:\Users\OFFICE\AppData\Local\Programs\MiKTeX\tex/latex/base\atbegshi-ltx.sty
Package: atbegshi-ltx 2021/01/10 v1.0c Emulation of the original atbegshi
package with kernel methods
)
\Hy@abspage=\count314
\c@Item=\count315
\c@Hfootnote=\count316
)
Package hyperref Info: Driver (autodetected): hpdftex.
 (C:\Users\OFFICE\AppData\Local\Programs\MiKTeX\tex/latex/hyperref\hpdftex.def
File: hpdftex.def 2023-11-26 v7.01g Hyperref driver for pdfTeX

(C:\Users\OFFICE\AppData\Local\Programs\MiKTeX\tex/latex/base\atveryend-ltx.sty
Package: atveryend-ltx 2020/08/19 v1.0a Emulation of the original atveryend pac
kage
with kernel methods
)
\Fld@listcount=\count317
\c@bookmark@seq@number=\count318

(C:\Users\OFFICE\AppData\Local\Programs\MiKTeX\tex/latex/rerunfilecheck\rerunfi
lecheck.sty
Package: rerunfilecheck 2025-06-21 v1.11 Rerun checks for auxiliary files (HO)

(C:\Users\OFFICE\AppData\Local\Programs\MiKTeX\tex/generic/uniquecounter\unique
counter.sty
Package: uniquecounter 2019/12/15 v1.4 Provide unlimited unique counter (HO)
)
Package uniquecounter Info: New unique counter `rerunfilecheck' on input line 2
84.
)
\Hy@SectionHShift=\skip57
)
(C:\Users\OFFICE\AppData\Local\Programs\MiKTeX\tex/latex/tools\indentfirst.sty
Package: indentfirst 2023/07/02 v1.03 Indent first paragraph (DPC)
) (C:\Users\OFFICE\AppData\Local\Programs\MiKTeX\tex/latex/enumitem\enumitem.st
y
Package: enumitem 2025/02/06 v3.11 Customized lists
\labelindent=\skip58
\enit@outerparindent=\dimen185
\enit@toks=\toks38
\enit@inbox=\box66
\enit@count@id=\count319
\enitdp@description=\count320
)
(C:\Users\OFFICE\AppData\Local\Programs\MiKTeX\tex/latex/fancyhdr\fancyhdr.sty
Package: fancyhdr 2025/02/07 v5.2 Extensive control of page headers and footers

\f@nch@headwidth=\skip59
\f@nch@offset@elh=\skip60
\f@nch@offset@erh=\skip61
\f@nch@offset@olh=\skip62
\f@nch@offset@orh=\skip63
\f@nch@offset@elf=\skip64
\f@nch@offset@erf=\skip65
\f@nch@offset@olf=\skip66
\f@nch@offset@orf=\skip67
\f@nch@height=\skip68
\f@nch@footalignment=\skip69
\f@nch@widthL=\skip70
\f@nch@widthC=\skip71
\f@nch@widthR=\skip72
\@temptokenb=\toks39
) (C:\Users\OFFICE\AppData\Local\Programs\MiKTeX\tex/latex/lastpage\lastpage.st
y
Package: lastpage 2025/06/06 v2.1g lastpage: 2.09 or 2e? (HMM)

(C:\Users\OFFICE\AppData\Local\Programs\MiKTeX\tex/latex/lastpage\lastpage2e.st
y
Package: lastpage2e 2025/06/06 v2.1g Decide which 2e lastpage version to use (H
MM)

(C:\Users\OFFICE\AppData\Local\Programs\MiKTeX\tex/latex/lastpage\lastpageclass
ic.sty
Package: lastpageclassic 2025/06/06 v2.1g Refers to last page's name (HMM; JPG)

) 
)) (C:\Users\OFFICE\AppData\Local\Programs\MiKTeX\tex/latex/tools\calc.sty
Package: calc 2023/07/08 v4.3 Infix arithmetic (KKT,FJ)
\calc@Acount=\count321
\calc@Bcount=\count322
\calc@Adimen=\dimen186
\calc@Bdimen=\dimen187
\calc@Askip=\skip73
\calc@Bskip=\skip74
LaTeX Info: Redefining \setlength on input line 80.
LaTeX Info: Redefining \addtolength on input line 81.
\calc@Ccount=\count323
\calc@Cskip=\skip75
)
(C:\Users\OFFICE\AppData\Local\Programs\MiKTeX\tex/latex/l3backend\l3backend-pd
ftex.def
File: l3backend-pdftex.def 2024-01-04 L3 backend support: PDF output (pdfTeX)
\l__color_backend_stack_int=\count324
\l__pdf_internal_box=\box67
) (main.aux

LaTeX Warning: Label `LastPage' multiply defined.

)
\openout1 = `main.aux'.

LaTeX Font Info:    Checking defaults for OML/cmm/m/it on input line 39.
LaTeX Font Info:    ... okay on input line 39.
LaTeX Font Info:    Checking defaults for OMS/cmsy/m/n on input line 39.
LaTeX Font Info:    ... okay on input line 39.
LaTeX Font Info:    Checking defaults for OT1/cmr/m/n on input line 39.
LaTeX Font Info:    ... okay on input line 39.
LaTeX Font Info:    Checking defaults for T1/cmr/m/n on input line 39.
LaTeX Font Info:    ... okay on input line 39.
LaTeX Font Info:    Checking defaults for TS1/cmr/m/n on input line 39.
LaTeX Font Info:    ... okay on input line 39.
LaTeX Font Info:    Checking defaults for OMX/cmex/m/n on input line 39.
LaTeX Font Info:    ... okay on input line 39.
LaTeX Font Info:    Checking defaults for U/cmr/m/n on input line 39.
LaTeX Font Info:    ... okay on input line 39.
LaTeX Font Info:    Checking defaults for LUC/nanummj/m/n on input line 39.
LaTeX Font Info:    Trying to load font information for LUC+nanummj on input li
ne 39.

(C:\Users\OFFICE\AppData\Local\Programs\MiKTeX\tex/latex/nanumtype1\lucnanummj.
fd
File: lucnanummj.fd 2013/02/12 v0.1 Nanum Myeongjo font definitions
)
LaTeX Font Info:    ... okay on input line 39.
LaTeX Font Info:    Checking defaults for PD1/pdf/m/n on input line 39.
LaTeX Font Info:    ... okay on input line 39.
LaTeX Font Info:    Checking defaults for PU/pdf/m/n on input line 39.
LaTeX Font Info:    ... okay on input line 39.

(C:\Users\OFFICE\AppData\Local\Programs\MiKTeX\tex/context/base/mkii\supp-pdf.m
kii
[Loading MPS to PDF converter (version 2006.09.02).]
\scratchcounter=\count325
\scratchdimen=\dimen188
\scratchbox=\box68
\nofMPsegments=\count326
\nofMParguments=\count327
\everyMPshowfont=\toks40
\MPscratchCnt=\count328
\MPscratchDim=\dimen189
\MPnumerator=\count329
\makeMPintoPDFobject=\count330
\everyMPtoPDFconversion=\toks41
)
(C:\Users\OFFICE\AppData\Local\Programs\MiKTeX\tex/latex/epstopdf-pkg\epstopdf-
base.sty
Package: epstopdf-base 2020-01-24 v2.11 Base part for package epstopdf
Package epstopdf-base Info: Redefining graphics rule for `.eps' on input line 4
85.

(C:\Users\OFFICE\AppData\Local\Programs\MiKTeX\tex/latex/00miktex\epstopdf-sys.
cfg
File: epstopdf-sys.cfg 2021/03/18 v2.0 Configuration of epstopdf for MiKTeX
))
*geometry* driver: auto-detecting
*geometry* detected driver: pdftex
*geometry* verbose mode - [ preamble ] result:
* driver: pdftex
* paper: a4paper
* layout: <same size as paper>
* layoutoffset:(h,v)=(0.0pt,0.0pt)
* modes: landscape 
* h-part:(L,W,R)=(22.76228pt, 799.52228pt, 22.76228pt)
* v-part:(T,H,B)=(56.9055pt, 532.06647pt, 8.5359pt)
* \paperwidth=845.04684pt
* \paperheight=597.50787pt
* \textwidth=799.52228pt
* \textheight=532.06647pt
* \oddsidemargin=-49.5077pt
* \evensidemargin=-49.5077pt
* \topmargin=-52.36449pt
* \headheight=12.0pt
* \headsep=5.69046pt
* \topskip=9.0pt
* \footskip=30.0pt
* \marginparwidth=24.0pt
* \marginparsep=10.0pt
* \columnsep=10.0pt
* \skip\footins=7.0pt plus 4.0pt minus 2.0pt
* \hoffset=0.0pt
* \voffset=0.0pt
* \mag=1000
* \@twocolumntrue
* \@twosidefalse
* \@mparswitchfalse
* \@reversemarginfalse
* (1in=72.27pt=25.4mm, 1cm=28.453pt)

Package hyperref Info: Link coloring OFF on input line 39.
(main.out) (main.out)
\@outlinefile=\write4
\openout4 = `main.out'.

LaTeX Font Info:    Trying to load font information for U+msa on input line 43.


(C:\Users\OFFICE\AppData\Local\Programs\MiKTeX\tex/latex/amsfonts\umsa.fd
File: umsa.fd 2013/01/14 v3.01 AMS symbols A
)
LaTeX Font Info:    Trying to load font information for U+msb on input line 43.


(C:\Users\OFFICE\AppData\Local\Programs\MiKTeX\tex/latex/amsfonts\umsb.fd
File: umsb.fd 2013/01/14 v3.01 AMS symbols B
)
(main.toc)
\tf@toc=\write5
\openout5 = `main.toc'.

\pydata@fh@0=\write6
\openout6 = `_FAD58DE7366495DB4650CFEFAC2FCD61.data.minted'.

runsystem(latexminted config  --timestamp 20250725195055 FAD58DE7366495DB4650CF
EFAC2FCD61)...executed.



! Package minted Error: minted v3+ executable is not installed or is not added 
to PATH; or MiKTeX is being used with -aux-directory or -output-directory witho
ut setting a TEXMF_OUTPUT_DIRECTORY environment variable.

See the minted package documentation for explanation.
Type  H <return>  for immediate help.
 ...                                              
                                                  
l.80 \end{minted}
                 
? 

! Package minted Error: Missing definition for highlighting style "perldoc" (mi
nted executable is unavailable or disabled); attempting to substitute fallback 
style.

See the minted package documentation for explanation.
Type  H <return>  for immediate help.
 ...                                              
                                                  
l.80 \end{minted}
                 
? 

! Package minted Error: Missing definition for highlighting style "default" (mi
nted executable is unavailable or disabled); attempting to substitute fallback 
style.

See the minted package documentation for explanation.
Type  H <return>  for immediate help.
 ...                                              
                                                  
l.80 \end{minted}
                 
? 

! Package minted Error: Cannot highlight code (minted executable is unavailable
 or disabled); attempting to typeset without highlighting.

See the minted package documentation for explanation.
Type  H <return>  for immediate help.
 ...                                              
                                                  
l.80 \end{minted}
                 
? 
[1{C:/Users/OFFICE/AppData/Local/MiKTeX/fonts/map/pdftex/pdftex.map}


]
LaTeX Font Info:    Trying to load font information for LUC+nanumgt on input li
ne 80.

(C:\Users\OFFICE\AppData\Local\Programs\MiKTeX\tex/latex/nanumtype1\lucnanumgt.
fd
File: lucnanumgt.fd 2013/02/12 v0.1 Nanum Gothic font definitions
)

! Package minted Error: Cannot highlight code (minted executable is unavailable
 or disabled); attempting to typeset without highlighting.

See the minted package documentation for explanation.
Type  H <return>  for immediate help.
 ...                                              
                                                  
l.113 \end{minted}
                  
? 

! Package minted Error: Cannot highlight code (minted executable is unavailable
 or disabled); attempting to typeset without highlighting.

See the minted package documentation for explanation.
Type  H <return>  for immediate help.
 ...                                              
                                                  
l.148 \end{minted}
                  
? 

! Package minted Error: Cannot highlight code (minted executable is unavailable
 or disabled); attempting to typeset without highlighting.

See the minted package documentation for explanation.
Type  H <return>  for immediate help.
 ...                                              
                                                  
l.156 \end{minted}
                  
? 

! Package minted Error: Cannot highlight code (minted executable is unavailable
 or disabled); attempting to typeset without highlighting.

See the minted package documentation for explanation.
Type  H <return>  for immediate help.
 ...                                              
                                                  
l.187 \end{minted}
                  
? 
[2]

! Package minted Error: Cannot highlight code (minted executable is unavailable
 or disabled); attempting to typeset without highlighting.

See the minted package documentation for explanation.
Type  H <return>  for immediate help.
 ...                                              
                                                  
l.294 \end{minted}
                  
? 

Underfull \vbox (badness 10000) has occurred while \output is active []

 [3]

! Package minted Error: Cannot highlight code (minted executable is unavailable
 or disabled); attempting to typeset without highlighting.

See the minted package documentation for explanation.
Type  H <return>  for immediate help.
 ...                                              
                                                  
l.502 \end{minted}
                  
? 

Underfull \vbox (badness 10000) has occurred while \output is active []

 [4]
Underfull \vbox (badness 10000) has occurred while \output is active []



! Package minted Error: Cannot highlight code (minted executable is unavailable
 or disabled); attempting to typeset without highlighting.

See the minted package documentation for explanation.
Type  H <return>  for immediate help.
 ...                                              
                                                  
l.582 \end{minted}
                  
? 
[5]
Underfull \vbox (badness 10000) has occurred while \output is active []



! Package minted Error: Cannot highlight code (minted executable is unavailable
 or disabled); attempting to typeset without highlighting.

See the minted package documentation for explanation.
Type  H <return>  for immediate help.
 ...                                              
                                                  
l.688 \end{minted}
                  
? 
[6]

! Package minted Error: Cannot highlight code (minted executable is unavailable
 or disabled); attempting to typeset without highlighting.

See the minted package documentation for explanation.
Type  H <return>  for immediate help.
 ...                                              
                                                  
l.711 \end{minted}
                  
? 

! Package minted Error: Cannot highlight code (minted executable is unavailable
 or disabled); attempting to typeset without highlighting.

See the minted package documentation for explanation.
Type  H <return>  for immediate help.
 ...                                              
                                                  
l.726 \end{minted}
                  
? 

! Package minted Error: Cannot highlight code (minted executable is unavailable
 or disabled); attempting to typeset without highlighting.

See the minted package documentation for explanation.
Type  H <return>  for immediate help.
 ...                                              
                                                  
l.766 \end{minted}
                  
? 
[7]

! Package minted Error: Cannot highlight code (minted executable is unavailable
 or disabled); attempting to typeset without highlighting.

See the minted package documentation for explanation.
Type  H <return>  for immediate help.
 ...                                              
                                                  
l.833 \end{minted}
                  
? 

! Package minted Error: Cannot highlight code (minted executable is unavailable
 or disabled); attempting to typeset without highlighting.

See the minted package documentation for explanation.
Type  H <return>  for immediate help.
 ...                                              
                                                  
l.889 \end{minted}
                  
? 
[8]

! Package minted Error: Cannot highlight code (minted executable is unavailable
 or disabled); attempting to typeset without highlighting.

See the minted package documentation for explanation.
Type  H <return>  for immediate help.
 ...                                              
                                                  
l.921 \end{minted}
                  
? 

! Package minted Error: Cannot highlight code (minted executable is unavailable
 or disabled); attempting to typeset without highlighting.

See the minted package documentation for explanation.
Type  H <return>  for immediate help.
 ...                                              
                                                  
l.1020 \end{minted}
                   
? 

Underfull \vbox (badness 10000) has occurred while \output is active []

 [9]

! Package minted Error: Cannot highlight code (minted executable is unavailable
 or disabled); attempting to typeset without highlighting.

See the minted package documentation for explanation.
Type  H <return>  for immediate help.
 ...                                              
                                                  
l.1067 \end{minted}
                   
? 

! Package minted Error: Cannot highlight code (minted executable is unavailable
 or disabled); attempting to typeset without highlighting.

See the minted package documentation for explanation.
Type  H <return>  for immediate help.
 ...                                              
                                                  
l.1146 \end{minted}
                   
? 
[10]

! Package minted Error: Cannot highlight code (minted executable is unavailable
 or disabled); attempting to typeset without highlighting.

See the minted package documentation for explanation.
Type  H <return>  for immediate help.
 ...                                              
                                                  
l.1216 \end{minted}
                   
? 

! Package minted Error: Cannot highlight code (minted executable is unavailable
 or disabled); attempting to typeset without highlighting.

See the minted package documentation for explanation.
Type  H <return>  for immediate help.
 ...                                              
                                                  
l.1326 \end{minted}
                   
? 
[11]
Underfull \vbox (badness 10000) has occurred while \output is active []



! Package minted Error: Cannot highlight code (minted executable is unavailable
 or disabled); attempting to typeset without highlighting.

See the minted package documentation for explanation.
Type  H <return>  for immediate help.
 ...                                              
                                                  
l.1423 \end{minted}
                   
? 
[12]
Underfull \vbox (badness 10000) has occurred while \output is active []



! Package minted Error: Cannot highlight code (minted executable is unavailable
 or disabled); attempting to typeset without highlighting.

See the minted package documentation for explanation.
Type  H <return>  for immediate help.
 ...                                              
                                                  
l.1522 \end{minted}
                   
? 
[13]
Underfull \vbox (badness 10000) has occurred while \output is active []



! Package minted Error: Cannot highlight code (minted executable is unavailable
 or disabled); attempting to typeset without highlighting.

See the minted package documentation for explanation.
Type  H <return>  for immediate help.
 ...                                              
                                                  
l.1551 \end{minted}
                   
? 

! Package minted Error: Cannot highlight code (minted executable is unavailable
 or disabled); attempting to typeset without highlighting.

See the minted package documentation for explanation.
Type  H <return>  for immediate help.
 ...                                              
                                                  
l.1633 \end{minted}
                   
? 
[14]
Underfull \vbox (badness 10000) has occurred while \output is active []



! Package minted Error: Cannot highlight code (minted executable is unavailable
 or disabled); attempting to typeset without highlighting.

See the minted package documentation for explanation.
Type  H <return>  for immediate help.
 ...                                              
                                                  
l.1688 \end{minted}
                   
? 

! Package minted Error: Cannot highlight code (minted executable is unavailable
 or disabled); attempting to typeset without highlighting.

See the minted package documentation for explanation.
Type  H <return>  for immediate help.
 ...                                              
                                                  
l.1735 \end{minted}
                   
? 
[15]

! Package minted Error: Cannot highlight code (minted executable is unavailable
 or disabled); attempting to typeset without highlighting.

See the minted package documentation for explanation.
Type  H <return>  for immediate help.
 ...                                              
                                                  
l.1759 \end{minted}
                   
? 

! Package minted Error: Cannot highlight code (minted executable is unavailable
 or disabled); attempting to typeset without highlighting.

See the minted package documentation for explanation.
Type  H <return>  for immediate help.
 ...                                              
                                                  
l.1776 \end{minted}
                   
? 

! Package minted Error: Cannot highlight code (minted executable is unavailable
 or disabled); attempting to typeset without highlighting.

See the minted package documentation for explanation.
Type  H <return>  for immediate help.
 ...                                              
                                                  
l.1803 \end{minted}
                   
? 

! Package minted Error: Cannot highlight code (minted executable is unavailable
 or disabled); attempting to typeset without highlighting.

See the minted package documentation for explanation.
Type  H <return>  for immediate help.
 ...                                              
                                                  
l.1832 \end{minted}
                   
? 
[16]

! Package minted Error: Cannot highlight code (minted executable is unavailable
 or disabled); attempting to typeset without highlighting.

See the minted package documentation for explanation.
Type  H <return>  for immediate help.
 ...                                              
                                                  
l.1884 \end{minted}
                   
? 

! Package minted Error: Cannot highlight code (minted executable is unavailable
 or disabled); attempting to typeset without highlighting.

See the minted package documentation for explanation.
Type  H <return>  for immediate help.
 ...                                              
                                                  
l.1930 \end{minted}
                   
? 
[17]

! Package minted Error: Cannot highlight code (minted executable is unavailable
 or disabled); attempting to typeset without highlighting.

See the minted package documentation for explanation.
Type  H <return>  for immediate help.
 ...                                              
                                                  
l.1984 \end{minted}
                   
? 

! Package minted Error: Cannot highlight code (minted executable is unavailable
 or disabled); attempting to typeset without highlighting.

See the minted package documentation for explanation.
Type  H <return>  for immediate help.
 ...                                              
                                                  
l.2033 \end{minted}
                   
? 

! Package minted Error: Cannot highlight code (minted executable is unavailable
 or disabled); attempting to typeset without highlighting.

See the minted package documentation for explanation.
Type  H <return>  for immediate help.
 ...                                              
                                                  
l.2053 \end{minted}
                   
? 
[18]

! Package minted Error: Cannot highlight code (minted executable is unavailable
 or disabled); attempting to typeset without highlighting.

See the minted package documentation for explanation.
Type  H <return>  for immediate help.
 ...                                              
                                                  
l.2078 \end{minted}
                   
? 

! Package minted Error: Cannot highlight code (minted executable is unavailable
 or disabled); attempting to typeset without highlighting.

See the minted package documentation for explanation.
Type  H <return>  for immediate help.
 ...                                              
                                                  
l.2172 \end{minted}
                   
? 

Underfull \vbox (badness 10000) has occurred while \output is active []

 [19]

! Package minted Error: Cannot highlight code (minted executable is unavailable
 or disabled); attempting to typeset without highlighting.

See the minted package documentation for explanation.
Type  H <return>  for immediate help.
 ...                                              
                                                  
l.2237 \end{minted}
                   
? 

! Package minted Error: Cannot highlight code (minted executable is unavailable
 or disabled); attempting to typeset without highlighting.

See the minted package documentation for explanation.
Type  H <return>  for immediate help.
 ...                                              
                                                  
l.2251 \end{minted}
                   
? 

! Package minted Error: Cannot highlight code (minted executable is unavailable
 or disabled); attempting to typeset without highlighting.

See the minted package documentation for explanation.
Type  H <return>  for immediate help.
 ...                                              
                                                  
l.2293 \end{minted}
                   
? 
[20]

! Package minted Error: Cannot highlight code (minted executable is unavailable
 or disabled); attempting to typeset without highlighting.

See the minted package documentation for explanation.
Type  H <return>  for immediate help.
 ...                                              
                                                  
l.2338 \end{minted}
                   
? 

! Package minted Error: Cannot highlight code (minted executable is unavailable
 or disabled); attempting to typeset without highlighting.

See the minted package documentation for explanation.
Type  H <return>  for immediate help.
 ...                                              
                                                  
l.2407 \end{minted}
                   
? 

Underfull \vbox (badness 10000) has occurred while \output is active []

 [21]

! Package minted Error: Cannot highlight code (minted executable is unavailable
 or disabled); attempting to typeset without highlighting.

See the minted package documentation for explanation.
Type  H <return>  for immediate help.
 ...                                              
                                                  
l.2496 \end{minted}
                   
? 

! Package minted Error: Cannot highlight code (minted executable is unavailable
 or disabled); attempting to typeset without highlighting.

See the minted package documentation for explanation.
Type  H <return>  for immediate help.
 ...                                              
                                                  
l.2549 \end{minted}
                   
? 
[22]

! Package minted Error: Cannot highlight code (minted executable is unavailable
 or disabled); attempting to typeset without highlighting.

See the minted package documentation for explanation.
Type  H <return>  for immediate help.
 ...                                              
                                                  
l.2592 \end{minted}
                   
? 

! Package minted Error: Cannot highlight code (minted executable is unavailable
 or disabled); attempting to typeset without highlighting.

See the minted package documentation for explanation.
Type  H <return>  for immediate help.
 ...                                              
                                                  
l.2638 \end{minted}
                   
? 
[23]

! Package minted Error: Cannot highlight code (minted executable is unavailable
 or disabled); attempting to typeset without highlighting.

See the minted package documentation for explanation.
Type  H <return>  for immediate help.
 ...                                              
                                                  
l.2646 \end{minted}
                   
? 

! Package minted Error: Cannot highlight code (minted executable is unavailable
 or disabled); attempting to typeset without highlighting.

See the minted package documentation for explanation.
Type  H <return>  for immediate help.
 ...                                              
                                                  
l.2776 \end{minted}
                   
? 

Underfull \vbox (badness 10000) has occurred while \output is active []

 [24]

! Package minted Error: Cannot highlight code (minted executable is unavailable
 or disabled); attempting to typeset without highlighting.

See the minted package documentation for explanation.
Type  H <return>  for immediate help.
 ...                                              
                                                  
l.2799 \end{minted}
                   
? 

! Package minted Error: Cannot highlight code (minted executable is unavailable
 or disabled); attempting to typeset without highlighting.

See the minted package documentation for explanation.
Type  H <return>  for immediate help.
 ...                                              
                                                  
l.2822 \end{minted}
                   
? 

! Package minted Error: Cannot highlight code (minted executable is unavailable
 or disabled); attempting to typeset without highlighting.

See the minted package documentation for explanation.
Type  H <return>  for immediate help.
 ...                                              
                                                  
l.2832 \end{minted}
                   
? 

! Package minted Error: Cannot highlight code (minted executable is unavailable
 or disabled); attempting to typeset without highlighting.

See the minted package documentation for explanation.
Type  H <return>  for immediate help.
 ...                                              
                                                  
l.2851 \end{minted}
                   
? 

! Package minted Error: Cannot highlight code (minted executable is unavailable
 or disabled); attempting to typeset without highlighting.

See the minted package documentation for explanation.
Type  H <return>  for immediate help.
 ...                                              
                                                  
l.2855 \end{minted}
                   
? 

AED: lastpage setting LastPage
[25] (main.aux)
 ***********
LaTeX2e <2023-11-01> patch level 1
L3 programming layer <2024-01-04>
 ***********


LaTeX Warning: There were multiply-defined labels.

Package rerunfilecheck Info: File `main.out' has not changed.
(rerunfilecheck)             Checksum: AE71E9C84A720CD4D12E86C72AD3E9E6;7182.
 ) 
Here is how much of TeX's memory you used:
 17277 strings out of 474486
 339243 string characters out of 5743283
 1962542 words of memory out of 5000000
 39136 multiletter control sequences out of 15000+600000
 596284 words of font info for 171 fonts, out of 8000000 for 9000
 1141 hyphenation exceptions out of 8191
 85i,12n,93p,709b,1252s stack positions out of 10000i,1000n,20000p,200000b,200000s
<C:/Users/OFFICE/AppData/Local/Programs/MiKTeX/fonts/type1/public/amsfonts/cm
/cmbx10.pfb><C:/Users/OFFICE/AppData/Local/Programs/MiKTeX/fonts/type1/public/a
msfonts/cm/cmbx8.pfb><C:/Users/OFFICE/AppData/Local/Programs/MiKTeX/fonts/type1
/public/amsfonts/cm/cmr10.pfb><C:/Users/OFFICE/AppData/Local/Programs/MiKTeX/fo
nts/type1/public/amsfonts/cm/cmr12.pfb><C:/Users/OFFICE/AppData/Local/Programs/
MiKTeX/fonts/type1/public/amsfonts/cm/cmr8.pfb><C:/Users/OFFICE/AppData/Local/P
rograms/MiKTeX/fonts/type1/public/amsfonts/cm/cmtt8.pfb><C:/Users/OFFICE/AppDat
a/Local/Programs/MiKTeX/fonts/type1/public/nanumtype1/nanumgtmac.pfb><C:/Users/
OFFICE/AppData/Local/Programs/MiKTeX/fonts/type1/public/nanumtype1/nanumgtmad.p
fb><C:/Users/OFFICE/AppData/Local/Programs/MiKTeX/fonts/type1/public/nanumtype1
/nanumgtmae.pfb><C:/Users/OFFICE/AppData/Local/Programs/MiKTeX/fonts/type1/publ
ic/nanumtype1/nanumgtmaf.pfb><C:/Users/OFFICE/AppData/Local/Programs/MiKTeX/fon
ts/type1/public/nanumtype1/nanumgtmb0.pfb><C:/Users/OFFICE/AppData/Local/Progra
ms/MiKTeX/fonts/type1/public/nanumtype1/nanumgtmb2.pfb><C:/Users/OFFICE/AppData
/Local/Programs/MiKTeX/fonts/type1/public/nanumtype1/nanumgtmb3.pfb><C:/Users/O
FFICE/AppData/Local/Programs/MiKTeX/fonts/type1/public/nanumtype1/nanumgtmb4.pf
b><C:/Users/OFFICE/AppData/Local/Programs/MiKTeX/fonts/type1/public/nanumtype1/
nanumgtmb5.pfb><C:/Users/OFFICE/AppData/Local/Programs/MiKTeX/fonts/type1/publi
c/nanumtype1/nanumgtmb7.pfb><C:/Users/OFFICE/AppData/Local/Programs/MiKTeX/font
s/type1/public/nanumtype1/nanumgtmb8.pfb><C:/Users/OFFICE/AppData/Local/Program
s/MiKTeX/fonts/type1/public/nanumtype1/nanumgtmb9.pfb><C:/Users/OFFICE/AppData/
Local/Programs/MiKTeX/fonts/type1/public/nanumtype1/nanumgtmba.pfb><C:/Users/OF
FICE/AppData/Local/Programs/MiKTeX/fonts/type1/public/nanumtype1/nanumgtmbb.pfb
><C:/Users/OFFICE/AppData/Local/Programs/MiKTeX/fonts/type1/public/nanumtype1/n
anumgtmbc.pfb><C:/Users/OFFICE/AppData/Local/Programs/MiKTeX/fonts/type1/public
/nanumtype1/nanumgtmbd.pfb><C:/Users/OFFICE/AppData/Local/Programs/MiKTeX/fonts
/type1/public/nanumtype1/nanumgtmbe.pfb><C:/Users/OFFICE/AppData/Local/Programs
/MiKTeX/fonts/type1/public/nanumtype1/nanumgtmc0.pfb><C:/Users/OFFICE/AppData/L
ocal/Programs/MiKTeX/fonts/type1/public/nanumtype1/nanumgtmc1.pfb><C:/Users/OFF
ICE/AppData/Local/Programs/MiKTeX/fonts/type1/public/nanumtype1/nanumgtmc2.pfb>
<C:/Users/OFFICE/AppData/Local/Programs/MiKTeX/fonts/type1/public/nanumtype1/na
numgtmc5.pfb><C:/Users/OFFICE/AppData/Local/Programs/MiKTeX/fonts/type1/public/
nanumtype1/nanumgtmc6.pfb><C:/Users/OFFICE/AppData/Local/Programs/MiKTeX/fonts/
type1/public/nanumtype1/nanumgtmc7.pfb><C:/Users/OFFICE/AppData/Local/Programs/
MiKTeX/fonts/type1/public/nanumtype1/nanumgtmc8.pfb><C:/Users/OFFICE/AppData/Lo
cal/Programs/MiKTeX/fonts/type1/public/nanumtype1/nanumgtmc9.pfb><C:/Users/OFFI
CE/AppData/Local/Programs/MiKTeX/fonts/type1/public/nanumtype1/nanumgtmcc.pfb><
C:/Users/OFFICE/AppData/Local/Programs/MiKTeX/fonts/type1/public/nanumtype1/nan
umgtmcd.pfb><C:/Users/OFFICE/AppData/Local/Programs/MiKTeX/fonts/type1/public/n
anumtype1/nanumgtmce.pfb><C:/Users/OFFICE/AppData/Local/Programs/MiKTeX/fonts/t
ype1/public/nanumtype1/nanumgtmcf.pfb><C:/Users/OFFICE/AppData/Local/Programs/M
iKTeX/fonts/type1/public/nanumtype1/nanumgtmd0.pfb><C:/Users/OFFICE/AppData/Loc
al/Programs/MiKTeX/fonts/type1/public/nanumtype1/nanumgtmd1.pfb><C:/Users/OFFIC
E/AppData/Local/Programs/MiKTeX/fonts/type1/public/nanumtype1/nanumgtmd2.pfb><C
:/Users/OFFICE/AppData/Local/Programs/MiKTeX/fonts/type1/public/nanumtype1/nanu
mgtmd3.pfb><C:/Users/OFFICE/AppData/Local/Programs/MiKTeX/fonts/type1/public/na
numtype1/nanumgtmd5.pfb><C:/Users/OFFICE/AppData/Local/Programs/MiKTeX/fonts/ty
pe1/public/nanumtype1/nanumgtmd6.pfb><C:/Users/OFFICE/AppData/Local/Programs/Mi
KTeX/fonts/type1/public/nanumtype1/nanummjbac.pfb><C:/Users/OFFICE/AppData/Loca
l/Programs/MiKTeX/fonts/type1/public/nanumtype1/nanummjbad.pfb><C:/Users/OFFICE
/AppData/Local/Programs/MiKTeX/fonts/type1/public/nanumtype1/nanummjbae.pfb><C:
/Users/OFFICE/AppData/Local/Programs/MiKTeX/fonts/type1/public/nanumtype1/nanum
mjbb0.pfb><C:/Users/OFFICE/AppData/Local/Programs/MiKTeX/fonts/type1/public/nan
umtype1/nanummjbb2.pfb><C:/Users/OFFICE/AppData/Local/Programs/MiKTeX/fonts/typ
e1/public/nanumtype1/nanummjbb3.pfb><C:/Users/OFFICE/AppData/Local/Programs/MiK
TeX/fonts/type1/public/nanumtype1/nanummjbb4.pfb><C:/Users/OFFICE/AppData/Local
/Programs/MiKTeX/fonts/type1/public/nanumtype1/nanummjbb7.pfb><C:/Users/OFFICE/
AppData/Local/Programs/MiKTeX/fonts/type1/public/nanumtype1/nanummjbb8.pfb><C:/
Users/OFFICE/AppData/Local/Programs/MiKTeX/fonts/type1/public/nanumtype1/nanumm
jbb9.pfb><C:/Users/OFFICE/AppData/Local/Programs/MiKTeX/fonts/type1/public/nanu
mtype1/nanummjbba.pfb><C:/Users/OFFICE/AppData/Local/Programs/MiKTeX/fonts/type
1/public/nanumtype1/nanummjbbc.pfb><C:/Users/OFFICE/AppData/Local/Programs/MiKT
eX/fonts/type1/public/nanumtype1/nanummjbbd.pfb><C:/Users/OFFICE/AppData/Local/
Programs/MiKTeX/fonts/type1/public/nanumtype1/nanummjbc1.pfb><C:/Users/OFFICE/A
ppData/Local/Programs/MiKTeX/fonts/type1/public/nanumtype1/nanummjbc2.pfb><C:/U
sers/OFFICE/AppData/Local/Programs/MiKTeX/fonts/type1/public/nanumtype1/nanummj
bc5.pfb><C:/Users/OFFICE/AppData/Local/Programs/MiKTeX/fonts/type1/public/nanum
type1/nanummjbc6.pfb><C:/Users/OFFICE/AppData/Local/Programs/MiKTeX/fonts/type1
/public/nanumtype1/nanummjbc7.pfb><C:/Users/OFFICE/AppData/Local/Programs/MiKTe
X/fonts/type1/public/nanumtype1/nanummjbc8.pfb><C:/Users/OFFICE/AppData/Local/P
rograms/MiKTeX/fonts/type1/public/nanumtype1/nanummjbc9.pfb><C:/Users/OFFICE/Ap
pData/Local/Programs/MiKTeX/fonts/type1/public/nanumtype1/nanummjbcc.pfb><C:/Us
ers/OFFICE/AppData/Local/Programs/MiKTeX/fonts/type1/public/nanumtype1/nanummjb
ce.pfb><C:/Users/OFFICE/AppData/Local/Programs/MiKTeX/fonts/type1/public/nanumt
ype1/nanummjbd0.pfb><C:/Users/OFFICE/AppData/Local/Programs/MiKTeX/fonts/type1/
public/nanumtype1/nanummjbd2.pfb><C:/Users/OFFICE/AppData/Local/Programs/MiKTeX
/fonts/type1/public/nanumtype1/nanummjbd3.pfb><C:/Users/OFFICE/AppData/Local/Pr
ograms/MiKTeX/fonts/type1/public/nanumtype1/nanummjbd5.pfb><C:/Users/OFFICE/App
Data/Local/Programs/MiKTeX/fonts/type1/public/nanumtype1/nanummjbd6.pfb><C:/Use
rs/OFFICE/AppData/Local/Programs/MiKTeX/fonts/type1/public/nanumtype1/nanummjma
c.pfb><C:/Users/OFFICE/AppData/Local/Programs/MiKTeX/fonts/type1/public/nanumty
pe1/nanummjmad.pfb><C:/Users/OFFICE/AppData/Local/Programs/MiKTeX/fonts/type1/p
ublic/nanumtype1/nanummjmb0.pfb><C:/Users/OFFICE/AppData/Local/Programs/MiKTeX/
fonts/type1/public/nanumtype1/nanummjmb2.pfb><C:/Users/OFFICE/AppData/Local/Pro
grams/MiKTeX/fonts/type1/public/nanumtype1/nanummjmb3.pfb><C:/Users/OFFICE/AppD
ata/Local/Programs/MiKTeX/fonts/type1/public/nanumtype1/nanummjmb4.pfb><C:/User
s/OFFICE/AppData/Local/Programs/MiKTeX/fonts/type1/public/nanumtype1/nanummjmb7
.pfb><C:/Users/OFFICE/AppData/Local/Programs/MiKTeX/fonts/type1/public/nanumtyp
e1/nanummjmb8.pfb><C:/Users/OFFICE/AppData/Local/Programs/MiKTeX/fonts/type1/pu
blic/nanumtype1/nanummjmb9.pfb><C:/Users/OFFICE/AppData/Local/Programs/MiKTeX/f
onts/type1/public/nanumtype1/nanummjmba.pfb><C:/Users/OFFICE/AppData/Local/Prog
rams/MiKTeX/fonts/type1/public/nanumtype1/nanummjmbb.pfb><C:/Users/OFFICE/AppDa
ta/Local/Programs/MiKTeX/fonts/type1/public/nanumtype1/nanummjmbc.pfb><C:/Users
/OFFICE/AppData/Local/Programs/MiKTeX/fonts/type1/public/nanumtype1/nanummjmbd.
pfb><C:/Users/OFFICE/AppData/Local/Programs/MiKTeX/fonts/type1/public/nanumtype
1/nanummjmc1.pfb><C:/Users/OFFICE/AppData/Local/Programs/MiKTeX/fonts/type1/pub
lic/nanumtype1/nanummjmc2.pfb><C:/Users/OFFICE/AppData/Local/Programs/MiKTeX/fo
nts/type1/public/nanumtype1/nanummjmc5.pfb><C:/Users/OFFICE/AppData/Local/Progr
ams/MiKTeX/fonts/type1/public/nanumtype1/nanummjmc6.pfb><C:/Users/OFFICE/AppDat
a/Local/Programs/MiKTeX/fonts/type1/public/nanumtype1/nanummjmc7.pfb><C:/Users/
OFFICE/AppData/Local/Programs/MiKTeX/fonts/type1/public/nanumtype1/nanummjmc8.p
fb><C:/Users/OFFICE/AppData/Local/Programs/MiKTeX/fonts/type1/public/nanumtype1
/nanummjmc9.pfb><C:/Users/OFFICE/AppData/Local/Programs/MiKTeX/fonts/type1/publ
ic/nanumtype1/nanummjmcc.pfb><C:/Users/OFFICE/AppData/Local/Programs/MiKTeX/fon
ts/type1/public/nanumtype1/nanummjmce.pfb><C:/Users/OFFICE/AppData/Local/Progra
ms/MiKTeX/fonts/type1/public/nanumtype1/nanummjmd0.pfb><C:/Users/OFFICE/AppData
/Local/Programs/MiKTeX/fonts/type1/public/nanumtype1/nanummjmd2.pfb><C:/Users/O
FFICE/AppData/Local/Programs/MiKTeX/fonts/type1/public/nanumtype1/nanummjmd3.pf
b><C:/Users/OFFICE/AppData/Local/Programs/MiKTeX/fonts/type1/public/nanumtype1/
nanummjmd5.pfb><C:/Users/OFFICE/AppData/Local/Programs/MiKTeX/fonts/type1/publi
c/nanumtype1/nanummjmd6.pfb>
Output written on main.pdf (25 pages, 3222750 bytes).
PDF statistics:
 936 PDF objects out of 1000 (max. 8388607)
 87 named destinations out of 1000 (max. 500000)
 489 words of extra memory for PDF output out of 10000 (max. 10000000)

