\BOOKMARK [1][-]{section.1}{\376\377\307\220\270\314\255\154\310\160}{}% 1
\BOOKMARK [2][-]{subsection.1.1}{\376\377\270\010\307\164\311\300\000\040\323\234\307\005}{section.1}% 2
\BOOKMARK [2][-]{subsection.1.2}{\376\377\000H\000L\000D}{section.1}% 3
\BOOKMARK [2][-]{subsection.1.3}{\376\377\000s\000u\000f\000f\000i\000x\000A\000u\000t\000o\000m\000a\000t\000a}{section.1}% 4
\BOOKMARK [2][-]{subsection.1.4}{\376\377\000S\000p\000a\000r\000s\000e\000\040\000T\000a\000b\000l\000e}{section.1}% 5
\BOOKMARK [2][-]{subsection.1.5}{\376\377\000P\000e\000r\000s\000i\000s\000t\000e\000n\000t\000\040\000S\000e\000g\000m\000e\000n\000t\000\040\000T\000r\000e\000e}{section.1}% 6
\BOOKMARK [2][-]{subsection.1.6}{\376\377\000L\000i\000n\000k\000\040\000C\000u\000t\000\040\000T\000r\000e\000e}{section.1}% 7
\BOOKMARK [2][-]{subsection.1.7}{\376\377\000S\000p\000l\000a\000y\000\040\000T\000r\000e\000e}{section.1}% 8
\BOOKMARK [2][-]{subsection.1.8}{\376\377\000C\000e\000n\000t\000r\000o\000i\000d}{section.1}% 9
\BOOKMARK [2][-]{subsection.1.9}{\376\377\000V\000a\000n\000\040\000E\000m\000d\000e\000\040\000B\000o\000a\000s\000\040\000T\000r\000e\000e}{section.1}% 10
\BOOKMARK [2][-]{subsection.1.10}{\376\377\000n\000o\000n\000\040\000r\000e\000c\000u\000r\000s\000i\000v\000e\000\040\000s\000e\000g\000m\000e\000n\000t\000\040\000t\000r\000e\000e}{section.1}% 11
\BOOKMARK [2][-]{subsection.1.11}{\376\377\000E\000X\000T}{section.1}% 12
\BOOKMARK [1][-]{section.2}{\376\377\000G\000r\000a\000p\000h}{}% 13
\BOOKMARK [2][-]{subsection.2.1}{\376\377\000S\000C\000C}{section.2}% 14
\BOOKMARK [2][-]{subsection.2.2}{\376\377\0002\000-\000S\000A\000T}{section.2}% 15
\BOOKMARK [2][-]{subsection.2.3}{\376\377\000B\000C\000C}{section.2}% 16
\BOOKMARK [2][-]{subsection.2.4}{\376\377\306\044\307\174\267\354\000\040\254\275\270\134}{section.2}% 17
\BOOKMARK [2][-]{subsection.2.5}{\376\377\000D\000o\000m\000i\000n\000a\000t\000o\000r}{section.2}% 18
\BOOKMARK [2][-]{subsection.2.6}{\376\377\000D\000o\000m\000i\000n\000a\000t\000o\000r\000\050\000k\000o\000o\000\051}{section.2}% 19
\BOOKMARK [1][-]{section.3}{\376\377\000F\000l\000o\000w}{}% 20
\BOOKMARK [2][-]{subsection.3.1}{\376\377\000D\000i\000n\000i\000c}{section.3}% 21
\BOOKMARK [2][-]{subsection.3.2}{\376\377\000D\000i\000n\000i\000c\000\040\000S\000t\000y\000l\000e\000\040\000M\000C\000M\000F}{section.3}% 22
\BOOKMARK [2][-]{subsection.3.3}{\376\377\000J\000o\000h\000n\000s\000o\000n}{section.3}% 23
\BOOKMARK [2][-]{subsection.3.4}{\376\377\000H\000u\000n\000g\000a\000r\000i\000a\000n}{section.3}% 24
\BOOKMARK [2][-]{subsection.3.5}{\376\377\000B\000l\000o\000s\000s\000o\000m}{section.3}% 25
\BOOKMARK [1][-]{section.4}{\376\377\000S\000t\000r\000i\000n\000g\000s}{}% 26
\BOOKMARK [2][-]{subsection.4.1}{\376\377\000K\000M\000P}{section.4}% 27
\BOOKMARK [2][-]{subsection.4.2}{\376\377\000A\000h\000o\000-\000C\000o\000r\000a\000s\000i\000c\000k\000\040\000A\000l\000g\000o\000r\000i\000t\000h\000m}{section.4}% 28
\BOOKMARK [2][-]{subsection.4.3}{\376\377\000S\000u\000f\000f\000i\000x\000\040\000A\000r\000r\000a\000y\000\050\000L\000C\000P\000\051}{section.4}% 29
\BOOKMARK [2][-]{subsection.4.4}{\376\377\000S\000u\000f\000f\000i\000x\000\040\000A\000r\000r\000a\000y\000\050\000k\000o\000o\000\051}{section.4}% 30
\BOOKMARK [2][-]{subsection.4.5}{\376\377\000m\000a\000n\000a\000c\000h\000e\000r}{section.4}% 31
\BOOKMARK [2][-]{subsection.4.6}{\376\377\000R\000o\000l\000l\000i\000n\000g\000\040\000H\000a\000s\000h}{section.4}% 32
\BOOKMARK [1][-]{section.5}{\376\377\000G\000e\000o\000m\000e\000t\000r\000y}{}% 33
\BOOKMARK [2][-]{subsection.5.1}{\376\377\326\214\310\004\325\130\262\224\000\040\316\230\271\254\323\174\302\244}{section.5}% 34
\BOOKMARK [2][-]{subsection.5.2}{\376\377\301\040\275\204\000\040\255\120\314\050\000\040\323\020\310\025}{section.5}% 35
\BOOKMARK [2][-]{subsection.5.3}{\376\377\262\344\254\001\326\025\000\040\310\020\000\040\323\020\310\025}{section.5}% 36
\BOOKMARK [2][-]{subsection.5.4}{\376\377\274\030\323\311\272\164\000\040\255\120\311\321\325\151}{section.5}% 37
\BOOKMARK [2][-]{subsection.5.5}{\376\377\000R\000o\000t\000a\000t\000e\000\040\000S\000w\000e\000e\000p\000L\000i\000n\000e}{section.5}% 38
\BOOKMARK [2][-]{subsection.5.6}{\376\377\000C\000o\000n\000v\000e\000x\000\040\000H\000u\000l\000l}{section.5}% 39
\BOOKMARK [1][-]{section.6}{\376\377\000M\000a\000t\000h}{}% 40
\BOOKMARK [2][-]{subsection.6.1}{\376\377\000F\000a\000s\000t\000\040\000M\000o\000d}{section.6}% 41
\BOOKMARK [2][-]{subsection.6.2}{\376\377\000F\000l\000o\000o\000r\000\040\000S\000u\000m}{section.6}% 42
\BOOKMARK [2][-]{subsection.6.3}{\376\377\000F\000F\000T\000\040\000/\000\040\000N\000T\000T}{section.6}% 43
\BOOKMARK [2][-]{subsection.6.4}{\376\377\000H\000e\000l\000l\000-\000J\000o\000s\000e\000o\000n\000\040\000F\000F\000T}{section.6}% 44
\BOOKMARK [2][-]{subsection.6.5}{\376\377\326\125\307\245\000\040\307\040\320\164\271\254\264\334}{section.6}% 45
\BOOKMARK [2][-]{subsection.6.6}{\376\377\000C\000R\000T\000\040\000+\000\040\000M\000o\000d\000u\000l\000a\000r\000\040\000I\000n\000v\000e\000r\000s\000e\000\040\000+\000\040\326\125\307\245\000\040\307\040\320\164\271\254\264\334}{section.6}% 46
\BOOKMARK [2][-]{subsection.6.7}{\376\377\271\074\316\164\307\130\000\040\310\025\271\254\000\050\000l\000u\000c\000a\000s\000\040\000t\000h\000e\000o\000r\000e\000m\000\051}{section.6}% 47
\BOOKMARK [2][-]{subsection.6.8}{\376\377\000L\000i\000n\000e\000a\000r\000-\000s\000i\000e\000v\000e\000\040\000w\000i\000t\000h\000\040\000M\000u\000l\000t\000i\000p\000l\000i\000c\000a\000t\000i\000v\000e\000\040\000F\000u\000n\000c\000t\000i\000o\000n\000\051}{section.6}% 48
\BOOKMARK [2][-]{subsection.6.9}{\376\377\000P\000o\000l\000l\000a\000r\000d\000\040\000r\000h\000o\000,\000\040\000M\000i\000l\000l\000e\000r\000-\000R\000a\000b\000i\000n}{section.6}% 49
\BOOKMARK [1][-]{section.7}{\376\377\000D\000P}{}% 50
\BOOKMARK [2][-]{subsection.7.1}{\376\377\316\350\274\241\302\244\325\320\000\040\322\270\271\255}{section.7}% 51
\BOOKMARK [2][-]{subsection.7.2}{\376\377\000L\000i\000c\000h\000a\000o\000\040\000T\000r\000e\000e}{section.7}% 52
\BOOKMARK [2][-]{subsection.7.3}{\376\377\000M\000o\000n\000o\000t\000o\000n\000e\000\040\000Q\000u\000e\000u\000e\000\040\000o\000p\000t}{section.7}% 53
\BOOKMARK [2][-]{subsection.7.4}{\376\377\000S\000O\000S\000\040\000D\000P}{section.7}% 54
\BOOKMARK [2][-]{subsection.7.5}{\376\377\000B\000e\000r\000l\000e\000k\000a\000m\000p\000-\000M\000a\000s\000s\000e\000y}{section.7}% 55
\BOOKMARK [1][-]{section.8}{\376\377\256\060\320\300}{}% 56
\BOOKMARK [2][-]{subsection.8.1}{\376\377\000f\000a\000s\000t\000i\000o\000\050\000j\000t\000h\000i\000s\000\051}{section.8}% 57
\BOOKMARK [2][-]{subsection.8.2}{\376\377\000S\000A}{section.8}% 58
\BOOKMARK [2][-]{subsection.8.3}{\376\377\000B\000i\000t\000\040\000H\000a\000c\000k}{section.8}% 59
\BOOKMARK [2][-]{subsection.8.4}{\376\377\000T\000e\000m\000p\000l\000a\000t\000e\000\040\000W\000o\000n\000s\000e\000i}{section.8}% 60
\BOOKMARK [2][-]{subsection.8.5}{\376\377\255\370\263\331\305\110\000\040\260\230\306\050\000\040\305\114\254\340\271\254\311\230}{section.8}% 61
